<?xml version="1.0" encoding="UTF-8"?>
<testng-results ignored="0" total="3" passed="3" failed="0" skipped="0">
  <reporter-output>
  </reporter-output>
  <suite started-at="2024-05-20T16:21:10 IST" name="Default suite" finished-at="2024-05-20T16:22:19 IST" duration-ms="69241">
    <groups>
      <group name="regressionTest">
        <method signature="orgTest.CrOrgWithInduTest()[pri:0, instance:com.comcast.crm.basetest.orgTest@d35dea7]" name="CrOrgWithInduTest" class="com.comcast.crm.basetest.orgTest"/>
        <method signature="orgTest.phonenumbertest()[pri:0, instance:com.comcast.crm.basetest.orgTest@d35dea7]" name="phonenumbertest" class="com.comcast.crm.basetest.orgTest"/>
      </group> <!-- regressionTest -->
      <group name="smokeTest">
        <method signature="orgTest.createOrgTest()[pri:0, instance:com.comcast.crm.basetest.orgTest@d35dea7]" name="createOrgTest" class="com.comcast.crm.basetest.orgTest"/>
      </group> <!-- smokeTest -->
    </groups>
    <test started-at="2024-05-20T16:21:10 IST" name="Default test" finished-at="2024-05-20T16:22:19 IST" duration-ms="69241">
      <class name="com.comcast.crm.basetest.orgTest">
        <test-method is-config="true" signature="configBS()[pri:0, instance:com.comcast.crm.basetest.orgTest@d35dea7]" started-at="2024-05-20T16:21:10 IST" name="configBS" finished-at="2024-05-20T16:21:10 IST" duration-ms="29" status="PASS">
          <reporter-output>
          </reporter-output>
        </test-method> <!-- configBS -->
        <test-method is-config="true" signature="configBC()[pri:0, instance:com.comcast.crm.basetest.orgTest@d35dea7]" started-at="2024-05-20T16:21:10 IST" name="configBC" finished-at="2024-05-20T16:21:14 IST" duration-ms="3534" status="PASS">
          <reporter-output>
          </reporter-output>
        </test-method> <!-- configBC -->
        <test-method is-config="true" signature="configBM()[pri:0, instance:com.comcast.crm.basetest.orgTest@d35dea7]" started-at="2024-05-20T16:21:14 IST" name="configBM" finished-at="2024-05-20T16:21:18 IST" duration-ms="4596" status="PASS">
          <reporter-output>
          </reporter-output>
        </test-method> <!-- configBM -->
        <test-method signature="CrOrgWithInduTest()[pri:0, instance:com.comcast.crm.basetest.orgTest@d35dea7]" started-at="2024-05-20T16:21:18 IST" name="CrOrgWithInduTest" finished-at="2024-05-20T16:21:34 IST" duration-ms="15761" status="PASS">
          <reporter-output>
          </reporter-output>
        </test-method> <!-- CrOrgWithInduTest -->
        <test-method is-config="true" signature="configAM()[pri:0, instance:com.comcast.crm.basetest.orgTest@d35dea7]" started-at="2024-05-20T16:21:34 IST" name="configAM" finished-at="2024-05-20T16:21:41 IST" duration-ms="6638" status="PASS">
          <reporter-output>
          </reporter-output>
        </test-method> <!-- configAM -->
        <test-method is-config="true" signature="configBM()[pri:0, instance:com.comcast.crm.basetest.orgTest@d35dea7]" started-at="2024-05-20T16:21:41 IST" name="configBM" finished-at="2024-05-20T16:21:44 IST" duration-ms="3451" status="PASS">
          <reporter-output>
          </reporter-output>
        </test-method> <!-- configBM -->
        <test-method signature="createOrgTest()[pri:0, instance:com.comcast.crm.basetest.orgTest@d35dea7]" started-at="2024-05-20T16:21:44 IST" name="createOrgTest" finished-at="2024-05-20T16:21:56 IST" duration-ms="11532" status="PASS">
          <reporter-output>
          </reporter-output>
        </test-method> <!-- createOrgTest -->
        <test-method is-config="true" signature="configAM()[pri:0, instance:com.comcast.crm.basetest.orgTest@d35dea7]" started-at="2024-05-20T16:21:56 IST" name="configAM" finished-at="2024-05-20T16:21:59 IST" duration-ms="3007" status="PASS">
          <reporter-output>
          </reporter-output>
        </test-method> <!-- configAM -->
        <test-method is-config="true" signature="configBM()[pri:0, instance:com.comcast.crm.basetest.orgTest@d35dea7]" started-at="2024-05-20T16:21:59 IST" name="configBM" finished-at="2024-05-20T16:22:02 IST" duration-ms="3293" status="PASS">
          <reporter-output>
          </reporter-output>
        </test-method> <!-- configBM -->
        <test-method signature="phonenumbertest()[pri:0, instance:com.comcast.crm.basetest.orgTest@d35dea7]" started-at="2024-05-20T16:22:02 IST" name="phonenumbertest" finished-at="2024-05-20T16:22:16 IST" duration-ms="13859" status="PASS">
          <reporter-output>
          </reporter-output>
        </test-method> <!-- phonenumbertest -->
        <test-method is-config="true" signature="configAM()[pri:0, instance:com.comcast.crm.basetest.orgTest@d35dea7]" started-at="2024-05-20T16:22:16 IST" name="configAM" finished-at="2024-05-20T16:22:19 IST" duration-ms="3430" status="PASS">
          <reporter-output>
          </reporter-output>
        </test-method> <!-- configAM -->
        <test-method is-config="true" signature="configAC()[pri:0, instance:com.comcast.crm.basetest.orgTest@d35dea7]" started-at="2024-05-20T16:22:19 IST" name="configAC" finished-at="2024-05-20T16:22:19 IST" duration-ms="11" status="PASS">
          <reporter-output>
          </reporter-output>
        </test-method> <!-- configAC -->
        <test-method is-config="true" signature="configAS()[pri:0, instance:com.comcast.crm.basetest.orgTest@d35dea7]" started-at="2024-05-20T16:22:20 IST" name="configAS" finished-at="2024-05-20T16:22:20 IST" duration-ms="0" status="PASS">
          <reporter-output>
          </reporter-output>
        </test-method> <!-- configAS -->
      </class> <!-- com.comcast.crm.basetest.orgTest -->
    </test> <!-- Default test -->
  </suite> <!-- Default suite -->
</testng-results>
