<?xml version="1.0" encoding="UTF-8"?>
<!-- Generated by org.testng.reporters.JUnitXMLReporter -->
<testsuite ignored="0" hostname="DESKTOP-SBLFK3K" failures="0" tests="3" name="Default test" time="69.241" errors="0" timestamp="2024-05-20T16:22:20 IST">
  <testcase classname="com.comcast.crm.basetest.orgTest" name="CrOrgWithInduTest" time="15.761"/>
  <testcase classname="com.comcast.crm.basetest.orgTest" name="createOrgTest" time="11.532"/>
  <testcase classname="com.comcast.crm.basetest.orgTest" name="phonenumbertest" time="13.859"/>
</testsuite> <!-- Default test -->
